<?xml version="1.0" encoding="UTF-8"?>
<testsuite xmlns:xsi="http://www.w3.org/2001/XMLSchema-instance" xsi:noNamespaceSchemaLocation="https://maven.apache.org/surefire/maven-surefire-plugin/xsd/surefire-test-report.xsd" name="ua.pt.restapi.models.WeatherDataTest" time="0.009" tests="7" errors="0" skipped="0" failures="0">
  <properties>
[...]
</properties>
  <testcase name="testSetId" classname="ua.pt.restapi.models.WeatherDataTest" time="0"/>
  <testcase name="testGetIdWeatherType" classname="ua.pt.restapi.models.WeatherDataTest" time="0"/>
  <testcase name="testGetDescIdWeatherTypeEN" classname="ua.pt.restapi.models.WeatherDataTest" time="0"/>
  <testcase name="testGetDescIdWeatherTypePT" classname="ua.pt.restapi.models.WeatherDataTest" time="0"/>
  <testcase name="testSetIdWeatherType" classname="ua.pt.restapi.models.WeatherDataTest" time="0"/>
  <testcase name="testSetDescIdWeatherTypeEN" classname="ua.pt.restapi.models.WeatherDataTest" time="0"/>
  <testcase name="testSetDescIdWeatherTypePT" classname="ua.pt.restapi.models.WeatherDataTest" time="0"/>
</testsuite>