<?xml version="1.0" encoding="UTF-8"?>
<testsuite xmlns:xsi="http://www.w3.org/2001/XMLSchema-instance" xsi:noNamespaceSchemaLocation="https://maven.apache.org/surefire/maven-surefire-plugin/xsd/surefire-test-report.xsd" name="ua.pt.restapi.models.DistrictDataTest" time="0.001" tests="17" errors="0" skipped="0" failures="0">
  <properties>
[...]
</properties>
  <testcase name="testSetIdConcelho" classname="ua.pt.restapi.models.DistrictDataTest" time="0"/>
  <testcase name="testGetGlobalIdLocal" classname="ua.pt.restapi.models.DistrictDataTest" time="0"/>
  <testcase name="testGetIdDistrito" classname="ua.pt.restapi.models.DistrictDataTest" time="0"/>
  <testcase name="testGetLocal" classname="ua.pt.restapi.models.DistrictDataTest" time="0"/>
  <testcase name="testSetLongitude" classname="ua.pt.restapi.models.DistrictDataTest" time="0"/>
  <testcase name="testSetId" classname="ua.pt.restapi.models.DistrictDataTest" time="0"/>
  <testcase name="testSetIdDistrito" classname="ua.pt.restapi.models.DistrictDataTest" time="0"/>
  <testcase name="testSetLatitude" classname="ua.pt.restapi.models.DistrictDataTest" time="0"/>
  <testcase name="testGetLatitude" classname="ua.pt.restapi.models.DistrictDataTest" time="0"/>
  <testcase name="testSetIdAreaAviso" classname="ua.pt.restapi.models.DistrictDataTest" time="0"/>
  <testcase name="testSetGlobalIdLocal" classname="ua.pt.restapi.models.DistrictDataTest" time="0"/>
  <testcase name="testSetIdRegiao" classname="ua.pt.restapi.models.DistrictDataTest" time="0"/>
  <testcase name="testGetIdRegiao" classname="ua.pt.restapi.models.DistrictDataTest" time="0"/>
  <testcase name="testGetLongitude" classname="ua.pt.restapi.models.DistrictDataTest" time="0"/>
  <testcase name="testGetIdConcelho" classname="ua.pt.restapi.models.DistrictDataTest" time="0"/>
  <testcase name="testGetIdAreaAviso" classname="ua.pt.restapi.models.DistrictDataTest" time="0"/>
  <testcase name="testSetLocal" classname="ua.pt.restapi.models.DistrictDataTest" time="0"/>
</testsuite>